<?xml version="1.0" encoding="UTF-8"?>
<coverage generated="1504056655580" clover="3.2.0">
  <project timestamp="1504056655580" name="All files">
    <metrics statements="183" coveredstatements="180" conditionals="114" coveredconditionals="109" methods="50" coveredmethods="49" elements="347" coveredelements="338" complexity="0" loc="183" ncloc="183" packages="3" files="11" classes="11">
      <package name="src">
        <metrics statements="148" coveredstatements="146" conditionals="91" coveredconditionals="87" methods="30" coveredmethods="29"/>
        <file name="applyMiddleware.js" path="/home/cuzzo/dev/redux/src/applyMiddleware.js">
          <metrics statements="9" coveredstatements="9" conditionals="0" coveredconditionals="0" methods="5" coveredmethods="5"/>
          <line num="20" count="4" type="stmt"/>
          <line num="21" count="4" type="stmt"/>
          <line num="22" count="4" type="stmt"/>
          <line num="23" count="4" type="stmt"/>
          <line num="25" count="4" type="stmt"/>
          <line num="27" count="4" type="stmt"/>
          <line num="29" count="6" type="stmt"/>
          <line num="30" count="4" type="stmt"/>
          <line num="32" count="4" type="stmt"/>
        </file>
        <file name="bindActionCreators.js" path="/home/cuzzo/dev/redux/src/bindActionCreators.js">
          <metrics statements="13" coveredstatements="13" conditionals="10" coveredconditionals="10" methods="3" coveredmethods="3"/>
          <line num="2" count="13" type="stmt"/>
          <line num="27" count="6" type="cond" truecount="2" falsecount="0"/>
          <line num="28" count="1" type="stmt"/>
          <line num="31" count="5" type="cond" truecount="4" falsecount="0"/>
          <line num="32" count="3" type="stmt"/>
          <line num="38" count="2" type="stmt"/>
          <line num="39" count="2" type="stmt"/>
          <line num="40" count="2" type="stmt"/>
          <line num="41" count="19" type="stmt"/>
          <line num="42" count="19" type="stmt"/>
          <line num="43" count="19" type="cond" truecount="2" falsecount="0"/>
          <line num="44" count="12" type="stmt"/>
          <line num="47" count="2" type="stmt"/>
        </file>
        <file name="combineReducers.js" path="/home/cuzzo/dev/redux/src/combineReducers.js">
          <metrics statements="58" coveredstatements="58" conditionals="44" coveredconditionals="41" methods="8" coveredmethods="8"/>
          <line num="6" count="3" type="cond" truecount="2" falsecount="0"/>
          <line num="7" count="3" type="cond" truecount="3" falsecount="0"/>
          <line num="9" count="3" type="stmt"/>
          <line num="17" count="42" type="stmt"/>
          <line num="18" count="42" type="cond" truecount="4" falsecount="0"/>
          <line num="22" count="42" type="cond" truecount="2" falsecount="0"/>
          <line num="23" count="1" type="stmt"/>
          <line num="29" count="41" type="cond" truecount="2" falsecount="0"/>
          <line num="30" count="2" type="stmt"/>
          <line num="38" count="39" type="stmt"/>
          <line num="39" count="66" type="cond" truecount="2" falsecount="0"/>
          <line num="43" count="39" type="stmt"/>
          <line num="44" count="8" type="stmt"/>
          <line num="47" count="39" type="cond" truecount="2" falsecount="0"/>
          <line num="48" count="6" type="stmt"/>
          <line num="58" count="19" type="stmt"/>
          <line num="59" count="30" type="stmt"/>
          <line num="60" count="30" type="stmt"/>
          <line num="62" count="29" type="cond" truecount="2" falsecount="0"/>
          <line num="63" count="1" type="stmt"/>
          <line num="72" count="28" type="stmt"/>
          <line num="73" count="28" type="cond" truecount="2" falsecount="0"/>
          <line num="74" count="1" type="stmt"/>
          <line num="103" count="19" type="stmt"/>
          <line num="104" count="19" type="stmt"/>
          <line num="105" count="19" type="stmt"/>
          <line num="106" count="36" type="stmt"/>
          <line num="108" count="36" type="cond" truecount="1" falsecount="1"/>
          <line num="109" count="36" type="cond" truecount="2" falsecount="0"/>
          <line num="110" count="2" type="stmt"/>
          <line num="114" count="36" type="cond" truecount="2" falsecount="0"/>
          <line num="115" count="30" type="stmt"/>
          <line num="118" count="19" type="stmt"/>
          <line num="121" count="19" type="cond" truecount="1" falsecount="1"/>
          <line num="122" count="19" type="stmt"/>
          <line num="126" count="19" type="stmt"/>
          <line num="127" count="19" type="stmt"/>
          <line num="129" count="3" type="stmt"/>
          <line num="132" count="19" type="cond" truecount="1" falsecount="0"/>
          <line num="133" count="45" type="cond" truecount="2" falsecount="0"/>
          <line num="134" count="3" type="stmt"/>
          <line num="137" count="42" type="cond" truecount="1" falsecount="1"/>
          <line num="138" count="42" type="stmt"/>
          <line num="139" count="42" type="cond" truecount="2" falsecount="0"/>
          <line num="140" count="9" type="stmt"/>
          <line num="144" count="42" type="stmt"/>
          <line num="145" count="42" type="stmt"/>
          <line num="146" count="42" type="stmt"/>
          <line num="147" count="83" type="stmt"/>
          <line num="148" count="83" type="stmt"/>
          <line num="149" count="83" type="stmt"/>
          <line num="150" count="83" type="stmt"/>
          <line num="151" count="83" type="cond" truecount="2" falsecount="0"/>
          <line num="152" count="3" type="stmt"/>
          <line num="153" count="3" type="stmt"/>
          <line num="155" count="80" type="stmt"/>
          <line num="156" count="80" type="cond" truecount="2" falsecount="0"/>
          <line num="158" count="39" type="cond" truecount="2" falsecount="0"/>
        </file>
        <file name="compose.js" path="/home/cuzzo/dev/redux/src/compose.js">
          <metrics statements="5" coveredstatements="5" conditionals="4" coveredconditionals="4" methods="4" coveredmethods="4"/>
          <line num="13" count="20" type="cond" truecount="2" falsecount="0"/>
          <line num="14" count="3" type="stmt"/>
          <line num="17" count="17" type="cond" truecount="2" falsecount="0"/>
          <line num="18" count="4" type="stmt"/>
          <line num="21" count="22" type="stmt"/>
        </file>
        <file name="createStore.js" path="/home/cuzzo/dev/redux/src/createStore.js">
          <metrics statements="61" coveredstatements="60" conditionals="28" coveredconditionals="28" methods="9" coveredmethods="9"/>
          <line num="10" count="5" type="stmt"/>
          <line num="40" count="63" type="cond" truecount="4" falsecount="0"/>
          <line num="41" count="3" type="stmt"/>
          <line num="42" count="3" type="stmt"/>
          <line num="45" count="63" type="cond" truecount="2" falsecount="0"/>
          <line num="46" count="9" type="cond" truecount="2" falsecount="0"/>
          <line num="47" count="4" type="stmt"/>
          <line num="50" count="5" type="stmt"/>
          <line num="53" count="54" type="cond" truecount="2" falsecount="0"/>
          <line num="54" count="3" type="stmt"/>
          <line num="57" count="51" type="stmt"/>
          <line num="58" count="51" type="stmt"/>
          <line num="59" count="51" type="stmt"/>
          <line num="60" count="51" type="stmt"/>
          <line num="61" count="51" type="stmt"/>
          <line num="64" count="40" type="cond" truecount="2" falsecount="0"/>
          <line num="65" count="26" type="stmt"/>
          <line num="75" count="36" type="stmt"/>
          <line num="102" count="32" type="cond" truecount="2" falsecount="0"/>
          <line num="103" count="4" type="stmt"/>
          <line num="106" count="28" type="stmt"/>
          <line num="108" count="28" type="stmt"/>
          <line num="109" count="28" type="stmt"/>
          <line num="111" count="28" type="stmt"/>
          <line num="112" count="14" type="cond" truecount="2" falsecount="0"/>
          <line num="113" count="2" type="stmt"/>
          <line num="116" count="12" type="stmt"/>
          <line num="118" count="12" type="stmt"/>
          <line num="119" count="12" type="stmt"/>
          <line num="120" count="12" type="stmt"/>
          <line num="150" count="117" type="cond" truecount="2" falsecount="0"/>
          <line num="151" count="5" type="stmt"/>
          <line num="157" count="112" type="cond" truecount="2" falsecount="0"/>
          <line num="158" count="2" type="stmt"/>
          <line num="164" count="110" type="cond" truecount="2" falsecount="0"/>
          <line num="165" count="1" type="stmt"/>
          <line num="168" count="109" type="stmt"/>
          <line num="169" count="109" type="stmt"/>
          <line num="170" count="109" type="stmt"/>
          <line num="172" count="109" type="stmt"/>
          <line num="175" count="107" type="stmt"/>
          <line num="176" count="107" type="stmt"/>
          <line num="177" count="37" type="stmt"/>
          <line num="178" count="37" type="stmt"/>
          <line num="181" count="107" type="stmt"/>
          <line num="195" count="4" type="cond" truecount="2" falsecount="0"/>
          <line num="196" count="1" type="stmt"/>
          <line num="199" count="3" type="stmt"/>
          <line num="200" count="3" type="stmt"/>
          <line num="210" count="6" type="stmt"/>
          <line num="211" count="6" type="stmt"/>
          <line num="221" count="7" type="cond" truecount="2" falsecount="0"/>
          <line num="222" count="2" type="stmt"/>
          <line num="226" count="9" type="cond" truecount="2" falsecount="0"/>
          <line num="227" count="7" type="stmt"/>
          <line num="231" count="5" type="stmt"/>
          <line num="232" count="5" type="stmt"/>
          <line num="233" count="5" type="stmt"/>
          <line num="237" count="0" type="stmt"/>
          <line num="245" count="51" type="stmt"/>
          <line num="247" count="51" type="stmt"/>
        </file>
        <file name="index.js" path="/home/cuzzo/dev/redux/src/index.js">
          <metrics statements="2" coveredstatements="1" conditionals="5" coveredconditionals="4" methods="1" coveredmethods="0"/>
          <line num="14" count="5" type="cond" truecount="1" falsecount="1"/>
          <line num="19" count="0" type="stmt"/>
        </file>
      </package>
      <package name="src.utils">
        <metrics statements="4" coveredstatements="4" conditionals="4" coveredconditionals="4" methods="1" coveredmethods="1"/>
        <file name="warning.js" path="/home/cuzzo/dev/redux/src/utils/warning.js">
          <metrics statements="4" coveredstatements="4" conditionals="4" coveredconditionals="4" methods="1" coveredmethods="1"/>
          <line num="9" count="14" type="cond" truecount="4" falsecount="0"/>
          <line num="10" count="12" type="stmt"/>
          <line num="13" count="14" type="stmt"/>
          <line num="17" count="14" type="stmt"/>
        </file>
      </package>
      <package name="test.helpers">
        <metrics statements="31" coveredstatements="30" conditionals="19" coveredconditionals="18" methods="19" coveredmethods="19"/>
        <file name="actionCreators.js" path="/home/cuzzo/dev/redux/test/helpers/actionCreators.js">
          <metrics statements="10" coveredstatements="10" conditionals="2" coveredconditionals="2" methods="10" coveredmethods="10"/>
          <line num="4" count="22" type="stmt"/>
          <line num="8" count="2" type="stmt"/>
          <line num="9" count="2" type="stmt"/>
          <line num="10" count="2" type="stmt"/>
          <line num="15" count="2" type="stmt"/>
          <line num="16" count="2" type="cond" truecount="2" falsecount="0"/>
          <line num="17" count="1" type="stmt"/>
          <line num="23" count="1" type="stmt"/>
          <line num="30" count="1" type="stmt"/>
          <line num="36" count="22" type="stmt"/>
        </file>
        <file name="actionTypes.js" path="/home/cuzzo/dev/redux/test/helpers/actionTypes.js">
          <metrics statements="4" coveredstatements="4" conditionals="0" coveredconditionals="0" methods="0" coveredmethods="0"/>
          <line num="1" count="3" type="stmt"/>
          <line num="2" count="3" type="stmt"/>
          <line num="3" count="3" type="stmt"/>
          <line num="4" count="3" type="stmt"/>
        </file>
        <file name="middleware.js" path="/home/cuzzo/dev/redux/test/helpers/middleware.js">
          <metrics statements="2" coveredstatements="2" conditionals="2" coveredconditionals="2" methods="3" coveredmethods="3"/>
          <line num="2" count="3" type="stmt"/>
          <line num="3" count="10" type="cond" truecount="2" falsecount="0"/>
        </file>
        <file name="reducers.js" path="/home/cuzzo/dev/redux/test/helpers/reducers.js">
          <metrics statements="15" coveredstatements="14" conditionals="15" coveredconditionals="14" methods="6" coveredmethods="6"/>
          <line num="5" count="20" type="stmt"/>
          <line num="6" count="12" type="cond" truecount="2" falsecount="0"/>
          <line num="11" count="83" type="cond" truecount="2" falsecount="0"/>
          <line num="13" count="19" type="stmt"/>
          <line num="21" count="64" type="stmt"/>
          <line num="26" count="5" type="cond" truecount="2" falsecount="0"/>
          <line num="28" count="1" type="stmt"/>
          <line num="35" count="4" type="stmt"/>
          <line num="40" count="5" type="cond" truecount="2" falsecount="0"/>
          <line num="42" count="1" type="stmt"/>
          <line num="43" count="0" type="stmt"/>
          <line num="45" count="4" type="stmt"/>
          <line num="50" count="6" type="cond" truecount="2" falsecount="0"/>
          <line num="52" count="1" type="stmt"/>
          <line num="54" count="5" type="stmt"/>
        </file>
      </package>
    </metrics>
  </project>
</coverage>
