TN:
SF:/home/cuzzo/dev/redux/src/applyMiddleware.js
FN:19,applyMiddleware
FN:20,(anonymous_1)
FN:20,(anonymous_2)
FN:27,(anonymous_3)
FN:29,(anonymous_4)
FNF:5
FNH:5
FNDA:4,applyMiddleware
FNDA:4,(anonymous_1)
FNDA:4,(anonymous_2)
FNDA:4,(anonymous_3)
FNDA:6,(anonymous_4)
DA:20,4
DA:21,4
DA:22,4
DA:23,4
DA:25,4
DA:27,4
DA:29,6
DA:30,4
DA:32,4
LF:9
LH:9
BRF:0
BRH:0
end_of_record
TN:
SF:/home/cuzzo/dev/redux/src/bindActionCreators.js
FN:1,bindActionCreator
FN:2,(anonymous_1)
FN:26,bindActionCreators
FNF:3
FNH:3
FNDA:13,bindActionCreator
FNDA:2,(anonymous_1)
FNDA:6,bindActionCreators
DA:2,13
DA:27,6
DA:28,1
DA:31,5
DA:32,3
DA:38,2
DA:39,2
DA:40,2
DA:41,19
DA:42,19
DA:43,19
DA:44,12
DA:47,2
LF:13
LH:13
BRDA:27,0,0,1
BRDA:27,0,1,5
BRDA:31,1,0,3
BRDA:31,1,1,2
BRDA:31,2,0,5
BRDA:31,2,1,3
BRDA:33,3,0,1
BRDA:33,3,1,2
BRDA:43,4,0,12
BRDA:43,4,1,7
BRF:10
BRH:10
end_of_record
TN:
SF:/home/cuzzo/dev/redux/src/combineReducers.js
FN:5,getUndefinedStateErrorMessage
FN:16,getUnexpectedStateShapeWarningMessage
FN:38,(anonymous_2)
FN:43,(anonymous_3)
FN:57,assertReducerShape
FN:58,(anonymous_5)
FN:102,combineReducers
FN:132,combination
FNF:8
FNH:8
FNDA:3,getUndefinedStateErrorMessage
FNDA:42,getUnexpectedStateShapeWarningMessage
FNDA:66,(anonymous_2)
FNDA:8,(anonymous_3)
FNDA:19,assertReducerShape
FNDA:30,(anonymous_5)
FNDA:19,combineReducers
FNDA:45,combination
DA:6,3
DA:7,3
DA:9,3
DA:17,42
DA:18,42
DA:22,42
DA:23,1
DA:29,41
DA:30,2
DA:38,39
DA:39,66
DA:43,39
DA:44,8
DA:47,39
DA:48,6
DA:58,19
DA:59,30
DA:60,30
DA:62,29
DA:63,1
DA:72,28
DA:73,28
DA:74,1
DA:103,19
DA:104,19
DA:105,19
DA:106,36
DA:108,36
DA:109,36
DA:110,2
DA:114,36
DA:115,30
DA:118,19
DA:121,19
DA:122,19
DA:126,19
DA:127,19
DA:129,3
DA:132,19
DA:133,45
DA:134,3
DA:137,42
DA:138,42
DA:139,42
DA:140,9
DA:144,42
DA:145,42
DA:146,42
DA:147,83
DA:148,83
DA:149,83
DA:150,83
DA:151,83
DA:152,3
DA:153,3
DA:155,80
DA:156,80
DA:158,39
LF:58
LH:58
BRDA:6,0,0,3
BRDA:6,0,1,2
BRDA:7,1,0,3
BRDA:7,1,1,1
BRDA:7,1,2,2
BRDA:18,2,0,8
BRDA:18,2,1,34
BRDA:18,3,0,42
BRDA:18,3,1,34
BRDA:22,4,0,1
BRDA:22,4,1,41
BRDA:29,5,0,2
BRDA:29,5,1,39
BRDA:39,6,0,66
BRDA:39,6,1,19
BRDA:47,7,0,6
BRDA:47,7,1,33
BRDA:49,8,0,2
BRDA:49,8,1,4
BRDA:62,9,0,1
BRDA:62,9,1,28
BRDA:73,10,0,1
BRDA:73,10,1,27
BRDA:108,11,0,36
BRDA:108,11,1,0
BRDA:109,12,0,2
BRDA:109,12,1,34
BRDA:114,13,0,30
BRDA:114,13,1,6
BRDA:121,14,0,19
BRDA:121,14,1,0
BRDA:132,15,0,9
BRDA:133,16,0,3
BRDA:133,16,1,42
BRDA:137,17,0,42
BRDA:137,17,1,0
BRDA:139,18,0,9
BRDA:139,18,1,33
BRDA:151,19,0,3
BRDA:151,19,1,80
BRDA:156,20,0,80
BRDA:156,20,1,56
BRDA:158,21,0,28
BRDA:158,21,1,11
BRF:44
BRH:41
end_of_record
TN:
SF:/home/cuzzo/dev/redux/src/compose.js
FN:12,compose
FN:14,(anonymous_1)
FN:21,(anonymous_2)
FN:21,(anonymous_3)
FNF:4
FNH:4
FNDA:20,compose
FNDA:3,(anonymous_1)
FNDA:22,(anonymous_2)
FNDA:17,(anonymous_3)
DA:13,20
DA:14,3
DA:17,17
DA:18,4
DA:21,22
LF:5
LH:5
BRDA:13,0,0,3
BRDA:13,0,1,17
BRDA:17,1,0,4
BRDA:17,1,1,13
BRF:4
BRH:4
end_of_record
TN:
SF:/home/cuzzo/dev/redux/src/createStore.js
FN:39,createStore
FN:63,ensureCanMutateNextListeners
FN:74,getState
FN:101,subscribe
FN:111,unsubscribe
FN:149,dispatch
FN:194,replaceReducer
FN:209,observable
FN:225,observeState
FNF:9
FNH:9
FNDA:63,createStore
FNDA:40,ensureCanMutateNextListeners
FNDA:36,getState
FNDA:32,subscribe
FNDA:14,unsubscribe
FNDA:117,dispatch
FNDA:4,replaceReducer
FNDA:6,observable
FNDA:9,observeState
DA:10,5
DA:40,63
DA:41,3
DA:42,3
DA:45,63
DA:46,9
DA:47,4
DA:50,5
DA:53,54
DA:54,3
DA:57,51
DA:58,51
DA:59,51
DA:60,51
DA:61,51
DA:64,40
DA:65,26
DA:75,36
DA:102,32
DA:103,4
DA:106,28
DA:108,28
DA:109,28
DA:111,28
DA:112,14
DA:113,2
DA:116,12
DA:118,12
DA:119,12
DA:120,12
DA:150,117
DA:151,5
DA:157,112
DA:158,2
DA:164,110
DA:165,1
DA:168,109
DA:169,109
DA:170,109
DA:172,109
DA:175,107
DA:176,107
DA:177,37
DA:178,37
DA:181,107
DA:195,4
DA:196,1
DA:199,3
DA:200,3
DA:210,6
DA:211,6
DA:221,7
DA:222,2
DA:226,9
DA:227,7
DA:231,5
DA:232,5
DA:233,5
DA:237,0
DA:245,51
DA:247,51
LF:61
LH:60
BRDA:40,0,0,3
BRDA:40,0,1,60
BRDA:40,1,0,63
BRDA:40,1,1,3
BRDA:45,2,0,9
BRDA:45,2,1,54
BRDA:46,3,0,4
BRDA:46,3,1,5
BRDA:53,4,0,3
BRDA:53,4,1,51
BRDA:64,5,0,26
BRDA:64,5,1,14
BRDA:102,6,0,4
BRDA:102,6,1,28
BRDA:112,7,0,2
BRDA:112,7,1,12
BRDA:150,8,0,5
BRDA:150,8,1,112
BRDA:157,9,0,2
BRDA:157,9,1,110
BRDA:164,10,0,1
BRDA:164,10,1,109
BRDA:195,11,0,1
BRDA:195,11,1,3
BRDA:221,12,0,2
BRDA:221,12,1,5
BRDA:226,13,0,7
BRDA:226,13,1,2
BRF:28
BRH:28
end_of_record
TN:
SF:/home/cuzzo/dev/redux/src/index.js
FN:12,isCrushed
FNF:1
FNH:0
FNDA:0,isCrushed
DA:14,5
DA:19,0
LF:2
LH:1
BRDA:14,0,0,0
BRDA:14,0,1,5
BRDA:15,1,0,5
BRDA:15,1,1,5
BRDA:15,1,2,5
BRF:5
BRH:4
end_of_record
TN:
SF:/home/cuzzo/dev/redux/src/utils/warning.js
FN:7,warning
FNF:1
FNH:1
FNDA:14,warning
DA:9,14
DA:10,12
DA:13,14
DA:17,14
LF:4
LH:4
BRDA:9,0,0,12
BRDA:9,0,1,2
BRDA:9,1,0,14
BRDA:9,1,1,13
BRF:4
BRH:4
end_of_record
TN:
SF:/home/cuzzo/dev/redux/test/helpers/actionCreators.js
FN:3,addTodo
FN:7,addTodoAsync
FN:8,(anonymous_2)
FN:8,(anonymous_3)
FN:8,(anonymous_4)
FN:14,addTodoIfEmpty
FN:15,(anonymous_6)
FN:22,dispatchInMiddle
FN:29,throwError
FN:35,unknownAction
FNF:10
FNH:10
FNDA:22,addTodo
FNDA:2,addTodoAsync
FNDA:2,(anonymous_2)
FNDA:2,(anonymous_3)
FNDA:2,(anonymous_4)
FNDA:2,addTodoIfEmpty
FNDA:2,(anonymous_6)
FNDA:1,dispatchInMiddle
FNDA:1,throwError
FNDA:22,unknownAction
DA:4,22
DA:8,2
DA:9,2
DA:10,2
DA:15,2
DA:16,2
DA:17,1
DA:23,1
DA:30,1
DA:36,22
LF:10
LH:10
BRDA:16,0,0,1
BRDA:16,0,1,1
BRF:2
BRH:2
end_of_record
TN:
SF:/home/cuzzo/dev/redux/test/helpers/actionTypes.js
FNF:0
FNH:0
DA:1,3
DA:2,3
DA:3,3
DA:4,3
LF:4
LH:4
BRF:0
BRH:0
end_of_record
TN:
SF:/home/cuzzo/dev/redux/test/helpers/middleware.js
FN:1,thunk
FN:2,(anonymous_1)
FN:2,(anonymous_2)
FNF:3
FNH:3
FNDA:3,thunk
FNDA:3,(anonymous_1)
FNDA:10,(anonymous_2)
DA:2,3
DA:3,10
LF:2
LH:2
BRDA:3,0,0,4
BRDA:3,0,1,6
BRF:2
BRH:2
end_of_record
TN:
SF:/home/cuzzo/dev/redux/test/helpers/reducers.js
FN:4,id
FN:5,(anonymous_1)
FN:10,todos
FN:25,todosReverse
FN:39,dispatchInTheMiddleOfReducer
FN:49,errorThrowingReducer
FNF:6
FNH:6
FNDA:20,id
FNDA:12,(anonymous_1)
FNDA:83,todos
FNDA:5,todosReverse
FNDA:5,dispatchInTheMiddleOfReducer
FNDA:6,errorThrowingReducer
DA:5,20
DA:6,12
DA:11,83
DA:13,19
DA:21,64
DA:26,5
DA:28,1
DA:35,4
DA:40,5
DA:42,1
DA:43,0
DA:45,4
DA:50,6
DA:52,1
DA:54,5
LF:15
LH:14
BRDA:4,0,0,0
BRDA:6,1,0,10
BRDA:6,1,1,2
BRDA:10,2,0,34
BRDA:11,3,0,19
BRDA:11,3,1,64
BRDA:25,4,0,3
BRDA:26,5,0,1
BRDA:26,5,1,4
BRDA:39,6,0,4
BRDA:40,7,0,1
BRDA:40,7,1,4
BRDA:49,8,0,4
BRDA:50,9,0,1
BRDA:50,9,1,5
BRF:15
BRH:14
end_of_record
